==========================================
SLURM_JOB_ID = 16720356
SLURM_JOB_NODELIST = e06-[10-11]
TMPDIR = /tmp/SLURM_16720356
==========================================
Rank 0 has partial value 0.000000e+00
Rank 1 has partial value 1.000000e+00
Rank 3 has partial value 3.000000e+00
Rank 2 has partial value 2.000000e+00
Rank 4 has partial value 4.000000e+00
Rank 5 has partial value 5.000000e+00
Rank 6 has partial value 6.000000e+00
Rank 7 has partial value 7.000000e+00
Global average = 0.000000e+00
Execution time (s) = 1.660542e-02
Rank 2 has partial value 2.000000e+00
Rank 0 has partial value 0.000000e+00
Rank 3 has partial value 3.000000e+00
Rank 1 has partial value 1.000000e+00
Global average = 0.000000e+00
Execution time (s) = 1.790550e-04
