==========================================
SLURM_JOB_ID = 16963539
SLURM_JOB_NODELIST = d05-29,d11-39,e07-08,e11-27
TMPDIR = /tmp/SLURM_16963539
==========================================
***** Asynchronous *****
al = 5.129928e+00 5.129928e+00 5.129928e+00
lc = 2 2 2
rc = 2.564964e+00 2.564964e+00 2.564964e+00
nglob = 1728
CPU & COMT = 5.746127e-01 2.154109e-01
***** Synchronous *****
al = 5.129928e+00 5.129928e+00 5.129928e+00
lc = 2 2 2
rc = 2.564964e+00 2.564964e+00 2.564964e+00
nglob = 1728
CPU & COMT = 6.634655e-01 2.659726e-01
***** Asynchronous *****
al = 5.129928e+00 5.129928e+00 5.129928e+00
lc = 2 2 2
rc = 2.564964e+00 2.564964e+00 2.564964e+00
nglob = 1728
CPU & COMT = 5.800608e-01 2.158266e-01
***** Synchronous *****
al = 5.129928e+00 5.129928e+00 5.129928e+00
lc = 2 2 2
rc = 2.564964e+00 2.564964e+00 2.564964e+00
nglob = 1728
CPU & COMT = 6.632202e-01 2.640932e-01
***** Asynchronous *****
al = 5.129928e+00 5.129928e+00 5.129928e+00
lc = 2 2 2
rc = 2.564964e+00 2.564964e+00 2.564964e+00
nglob = 1728
CPU & COMT = 5.957102e-01 2.138560e-01
***** Synchronous *****
al = 5.129928e+00 5.129928e+00 5.129928e+00
lc = 2 2 2
rc = 2.564964e+00 2.564964e+00 2.564964e+00
nglob = 1728
CPU & COMT = 7.118292e-01 2.702506e-01
